<?xml version="1.0" encoding="UTF-8"?>
<!-- Generated by org.testng.reporters.JUnitReportReporter -->
<testsuite hostname="GLOCAL-HO-108" failures="0" tests="2" name="com.hrms.test.EmployeeRegressionSuite" time="56.924" errors="0" timestamp="2023-11-06T13:43:21 IST" skipped="1">
  <testcase classname="com.hrms.test.EmployeeRegressionSuite" name="verifyLeaveFunctionality" time="56.924"/>
  <testcase classname="com.hrms.test.EmployeeRegressionSuite" name="verifyEmployeeFunctionality">
    <skipped/>
  </testcase> <!-- verifyEmployeeFunctionality -->
</testsuite> <!-- com.hrms.test.EmployeeRegressionSuite -->
