<?xml version="1.0" encoding="UTF-8"?>
<!-- Generated by org.testng.reporters.JUnitReportReporter -->
<testsuite hostname="GLOCAL-HO-108" failures="0" tests="3" name="com.hrms.test.DashboardRegressionSuite" time="104.418" errors="0" timestamp="2023-11-06T11:54:20 IST" skipped="1">
  <testcase classname="com.hrms.test.DashboardRegressionSuite" name="verifySelctDrpdwn" time="81.406"/>
  <testcase classname="com.hrms.test.DashboardRegressionSuite" name="verifyreturnToEmpfunctionlityToDashbrd" time="23.012"/>
  <testcase classname="com.hrms.test.DashboardRegressionSuite" name="verifyfunctionlityDashbrd">
    <skipped/>
  </testcase> <!-- verifyfunctionlityDashbrd -->
</testsuite> <!-- com.hrms.test.DashboardRegressionSuite -->
