<?xml version="1.0" encoding="UTF-8"?>
<testsuite name="com.hrms.test.LeaveManagementRegressionSuite" tests="1" skipped="0" failures="0" errors="0" timestamp="2024-01-22T10:01:35" hostname="GLOCAL-HO-108" time="76.349">
  <properties/>
  <testcase name="verifyValidLogin" classname="com.hrms.test.LeaveManagementRegressionSuite" time="76.349"/>
  <system-out><![CDATA[]]></system-out>
  <system-err><![CDATA[Jan 22, 2024 3:31:34 PM org.openqa.selenium.devtools.CdpVersionFinder findNearestMatch
WARNING: Unable to find an exact match for CDP version 120, so returning the closest version found: 117
]]></system-err>
</testsuite>
