<?xml version="1.0" encoding="UTF-8"?>
<testsuite name="com.hrms.test.LeaveRegressionSuite" tests="1" skipped="0" failures="0" errors="0" timestamp="2024-01-22T10:00:32" hostname="GLOCAL-HO-108" time="55.631">
  <properties/>
  <testcase name="verifyValidLogin" classname="com.hrms.test.LeaveRegressionSuite" time="55.631"/>
  <system-out><![CDATA[]]></system-out>
  <system-err><![CDATA[Jan 22, 2024 3:30:31 PM org.openqa.selenium.devtools.CdpVersionFinder findNearestMatch
WARNING: Unable to find an exact match for CDP version 120, so returning the closest version found: 117
]]></system-err>
</testsuite>
