<?xml version="1.0" encoding="UTF-8"?>
<testsuite name="com.hrms.test.RegistrationRequestRegressionSuite" tests="1" skipped="0" failures="0" errors="0" timestamp="2024-01-22T10:07:06" hostname="GLOCAL-HO-108" time="59.235">
  <properties/>
  <testcase name="verifyRosterManagement" classname="com.hrms.test.RegistrationRequestRegressionSuite" time="59.235"/>
  <system-out><![CDATA[]]></system-out>
  <system-err><![CDATA[Jan 22, 2024 3:37:06 PM org.openqa.selenium.devtools.CdpVersionFinder findNearestMatch
WARNING: Unable to find an exact match for CDP version 120, so returning the closest version found: 117
]]></system-err>
</testsuite>
